<?xml version="1.0" encoding="UTF-8"?>
<!-- Generated by org.testng.reporters.JUnitXMLReporter -->
<testsuite hostname="anoosh-e6510" name="Default test" tests="6" failures="0" timestamp="15 Feb 2015 07:08:29 GMT" time="0.03" errors="0">
  <testcase name="createCustomer" time="0.01" classname="testngpack.Customers"/>
  <testcase name="deleteCustomer" time="0.0" classname="testngpack.Customers"/>
  <testcase name="editCustomer" time="0.0" classname="testngpack.Customers"/>
  <testcase name="createUsers" time="0.0" classname="testngpack.Users"/>
  <testcase name="editUsers" time="0.01" classname="testngpack.Users"/>
  <testcase name="deleteUsers" time="0.0" classname="testngpack.Users"/>
</testsuite> <!-- Default test -->
